<?xml version="1.0" encoding="UTF-8"?>
<!-- Generated by org.testng.reporters.JUnitReportReporter -->
<testsuite hostname="EzhilVanans-MBP.lan" failures="0" tests="21" name="testRunner.TestNGMypateients" time="0.339" errors="0" timestamp="2022-06-14T08:35:38 CDT" skipped="0">
  <testcase classname="testRunner.TestNGMypateients" name="runScenario" time="0.008"/>
  <system-out/>
  <testcase classname="testRunner.TestNGMypateients" name="runScenario" time="0.008"/>
  <system-out/>
  <testcase classname="testRunner.TestNGMypateients" name="runScenario" time="0.012"/>
  <system-out/>
  <testcase classname="testRunner.TestNGMypateients" name="runScenario" time="0.010"/>
  <system-out/>
  <testcase classname="testRunner.TestNGMypateients" name="runScenario" time="0.009"/>
  <system-out/>
  <testcase classname="testRunner.TestNGMypateients" name="runScenario" time="0.018"/>
  <system-out/>
  <testcase classname="testRunner.TestNGMypateients" name="runScenario" time="0.009"/>
  <system-out/>
  <testcase classname="testRunner.TestNGMypateients" name="runScenario" time="0.012"/>
  <system-out/>
  <testcase classname="testRunner.TestNGMypateients" name="runScenario" time="0.007"/>
  <system-out/>
  <testcase classname="testRunner.TestNGMypateients" name="runScenario" time="0.008"/>
  <system-out/>
  <testcase classname="testRunner.TestNGMypateients" name="runScenario" time="0.018"/>
  <system-out/>
  <testcase classname="testRunner.TestNGMypateients" name="runScenario" time="0.009"/>
  <system-out/>
  <testcase classname="testRunner.TestNGMypateients" name="runScenario" time="0.015"/>
  <system-out/>
  <testcase classname="testRunner.TestNGMypateients" name="runScenario" time="0.021"/>
  <system-out/>
  <testcase classname="testRunner.TestNGMypateients" name="runScenario" time="0.008"/>
  <system-out/>
  <testcase classname="testRunner.TestNGMypateients" name="runScenario" time="0.111"/>
  <system-out/>
  <testcase classname="testRunner.TestNGMypateients" name="runScenario" time="0.011"/>
  <system-out/>
  <testcase classname="testRunner.TestNGMypateients" name="runScenario" time="0.009"/>
  <system-out/>
  <testcase classname="testRunner.TestNGMypateients" name="runScenario" time="0.009"/>
  <system-out/>
  <testcase classname="testRunner.TestNGMypateients" name="runScenario" time="0.021"/>
  <system-out/>
  <testcase classname="testRunner.TestNGMypateients" name="runScenario" time="0.006"/>
  <system-out/>
</testsuite> <!-- testRunner.TestNGMypateients -->
